<?xml version="1.0" encoding="UTF-8"?>
<!-- Generated by org.testng.reporters.JUnitReportReporter -->
<testsuite hostname="WS-16454" failures="0" tests="2" name="AutomationTest.tests.standaloneSubmitTest" time="33.380" errors="0" timestamp="2024-02-20T22:49:47 IST" skipped="0">
  <testcase classname="AutomationTest.tests.standaloneSubmitTest" name="submitOrder" time="16.258"/>
  <testcase classname="AutomationTest.tests.standaloneSubmitTest" name="submitOrder" time="17.122"/>
</testsuite> <!-- AutomationTest.tests.standaloneSubmitTest -->
