<?xml version="1.0" encoding="UTF-8"?>
<!-- Generated by org.testng.reporters.JUnitReportReporter -->
<testsuite hostname="WS-16454" failures="0" tests="1" name="AutomationTest.tests.ErrorValidationsTest" time="3.845" errors="0" timestamp="2024-02-20T19:51:07 IST" skipped="0">
  <testcase classname="AutomationTest.tests.ErrorValidationsTest" name="submitOrder" time="3.845"/>
</testsuite> <!-- AutomationTest.tests.ErrorValidationsTest -->
