<?xml version="1.0" encoding="UTF-8"?>
<!-- Generated by org.testng.reporters.JUnitReportReporter -->
<testsuite hostname="WS-16454" failures="0" tests="2" name="AutomationTest.tests.standaloneSubmitTest" time="24.369" errors="0" timestamp="2024-02-20T23:24:58 IST" skipped="0">
  <testcase classname="AutomationTest.tests.standaloneSubmitTest" name="submitOrder" time="5.822"/>
  <testcase classname="AutomationTest.tests.standaloneSubmitTest" name="submitOrder" time="18.547"/>
</testsuite> <!-- AutomationTest.tests.standaloneSubmitTest -->
